Started GET "/users/index" for 127.0.0.1 at 2018-09-23 22:03:37 +0900
Processing by UsersController#index as HTML
  Rendering users/index.html.erb within layouts/application
  Rendered users/index.html.erb within layouts/application (1.9ms)
Completed 200 OK in 652ms (Views: 638.8ms | ActiveRecord: 0.0ms)


Started GET "/users/index" for 127.0.0.1 at 2018-09-23 22:03:54 +0900
Processing by UsersController#index as HTML
  Rendering users/index.html.erb within layouts/application
  Rendered users/index.html.erb within layouts/application (0.6ms)
Completed 200 OK in 26ms (Views: 22.8ms | ActiveRecord: 0.0ms)


Started GET "/users/index" for 127.0.0.1 at 2018-09-23 22:04:02 +0900
Processing by UsersController#index as HTML
  Rendering users/index.html.erb within layouts/application
  Rendered users/index.html.erb within layouts/application (0.4ms)
Completed 200 OK in 27ms (Views: 24.4ms | ActiveRecord: 0.0ms)


Started GET "/users/index" for 127.0.0.1 at 2018-09-23 22:05:24 +0900
Processing by UsersController#index as HTML
  Rendering users/index.html.erb within layouts/application
  Rendered users/index.html.erb within layouts/application (0.4ms)
Completed 200 OK in 56ms (Views: 52.9ms | ActiveRecord: 0.0ms)


Started GET "/users/index" for 127.0.0.1 at 2018-09-23 22:05:43 +0900
Processing by UsersController#index as HTML
  Rendering users/index.html.erb within layouts/application
  Rendered users/index.html.erb within layouts/application (0.4ms)
Completed 200 OK in 33ms (Views: 30.0ms | ActiveRecord: 0.0ms)


Started GET "/users/index" for 127.0.0.1 at 2018-09-23 22:19:53 +0900
Processing by UsersController#index as HTML
  Rendering users/index.html.erb within layouts/application
  Rendered users/index.html.erb within layouts/application (13.3ms)
Completed 500 Internal Server Error in 22ms (ActiveRecord: 0.0ms)


  
ActionView::Template::Error (undefined method `[]' for nil:NilClass):
    1: <h1><%= @user[:name] %></h1>
    2: <p><%= @user[:username] %></p>
    3: <ul>
    4:   <li>Location : <%= @user[:location] %></li>
  
app/views/users/index.html.erb:1:in `_app_views_users_index_html_erb__1985076143698498708_70355903398300'
Started GET "/users/index" for 127.0.0.1 at 2018-09-23 22:35:58 +0900
Processing by UsersController#index as HTML
  Rendering users/index.html.erb within layouts/application
  Rendered users/index.html.erb within layouts/application (3.2ms)
Completed 500 Internal Server Error in 13ms (ActiveRecord: 0.0ms)


  
ActionView::Template::Error (undefined method `[]' for nil:NilClass):
    1: <h1><%= @user[:name] %></h1>
    2: <p><%= @user[:username] %></p>
    3: <ul>
    4:   <li>Location : <%= @user[:location] %></li>
  
app/views/users/index.html.erb:1:in `_app_views_users_index_html_erb__1985076143698498708_70355929859960'
Started GET "/users/index" for 127.0.0.1 at 2018-09-23 22:36:34 +0900
Processing by UsersController#index as HTML
  Rendering users/index.html.erb within layouts/application
  Rendered users/index.html.erb within layouts/application (3.8ms)
Completed 500 Internal Server Error in 13ms (ActiveRecord: 0.0ms)


  
ActionView::Template::Error (undefined method `[]' for nil:NilClass):
    1: <h1><%= @user[:name] %></h1>
    2: <p><%= @user[:username] %></p>
    3: <ul>
    4:   <li>Location : <%= @user[:location] %></li>
  
app/views/users/index.html.erb:1:in `_app_views_users_index_html_erb__1985076143698498708_70355888182780'
Started GET "/users/show" for 127.0.0.1 at 2018-09-23 22:36:48 +0900
Processing by UsersController#show as HTML
  Rendering users/show.html.erb within layouts/application
  Rendered users/show.html.erb within layouts/application (0.4ms)
Completed 200 OK in 24ms (Views: 21.2ms | ActiveRecord: 0.0ms)


Started GET "/users/index" for 127.0.0.1 at 2018-09-23 22:37:42 +0900
Processing by UsersController#index as HTML
  Rendering users/index.html.erb within layouts/application
  Rendered users/index.html.erb within layouts/application (3.8ms)
Completed 500 Internal Server Error in 11ms (ActiveRecord: 0.0ms)


  
ActionView::Template::Error (undefined method `[]' for nil:NilClass):
    1: <h1><%= @user[:name] %></h1>
    2: <p><%= @user[:username] %></p>
    3: <ul>
    4:   <li>Location : <%= @user[:location] %></li>
  
app/views/users/index.html.erb:1:in `_app_views_users_index_html_erb__1985076143698498708_70355926489800'
Started GET "/users/index" for 127.0.0.1 at 2018-09-23 22:38:04 +0900
Processing by UsersController#index as HTML
  Rendering users/index.html.erb within layouts/application
  Rendered users/index.html.erb within layouts/application (0.5ms)
Completed 200 OK in 26ms (Views: 23.4ms | ActiveRecord: 0.0ms)


Started GET "/users/show/ryooopan" for 127.0.0.1 at 2018-09-23 23:11:14 +0900
  
ActionController::RoutingError (No route matches [GET] "/users/show/ryooopan"):
  
actionpack (5.2.1) lib/action_dispatch/middleware/debug_exceptions.rb:65:in `call'
web-console (3.7.0) lib/web_console/middleware.rb:135:in `call_app'
web-console (3.7.0) lib/web_console/middleware.rb:30:in `block in call'
web-console (3.7.0) lib/web_console/middleware.rb:20:in `catch'
web-console (3.7.0) lib/web_console/middleware.rb:20:in `call'
actionpack (5.2.1) lib/action_dispatch/middleware/show_exceptions.rb:33:in `call'
railties (5.2.1) lib/rails/rack/logger.rb:38:in `call_app'
railties (5.2.1) lib/rails/rack/logger.rb:26:in `block in call'
activesupport (5.2.1) lib/active_support/tagged_logging.rb:71:in `block in tagged'
activesupport (5.2.1) lib/active_support/tagged_logging.rb:28:in `tagged'
activesupport (5.2.1) lib/active_support/tagged_logging.rb:71:in `tagged'
railties (5.2.1) lib/rails/rack/logger.rb:26:in `call'
sprockets-rails (3.2.1) lib/sprockets/rails/quiet_assets.rb:13:in `call'
actionpack (5.2.1) lib/action_dispatch/middleware/remote_ip.rb:81:in `call'
actionpack (5.2.1) lib/action_dispatch/middleware/request_id.rb:27:in `call'
rack (2.0.5) lib/rack/method_override.rb:22:in `call'
rack (2.0.5) lib/rack/runtime.rb:22:in `call'
activesupport (5.2.1) lib/active_support/cache/strategy/local_cache_middleware.rb:29:in `call'
actionpack (5.2.1) lib/action_dispatch/middleware/executor.rb:14:in `call'
actionpack (5.2.1) lib/action_dispatch/middleware/static.rb:127:in `call'
rack (2.0.5) lib/rack/sendfile.rb:111:in `call'
railties (5.2.1) lib/rails/engine.rb:524:in `call'
puma (3.12.0) lib/puma/configuration.rb:225:in `call'
puma (3.12.0) lib/puma/server.rb:658:in `handle_request'
puma (3.12.0) lib/puma/server.rb:472:in `process_client'
puma (3.12.0) lib/puma/server.rb:332:in `block in run'
puma (3.12.0) lib/puma/thread_pool.rb:133:in `block in spawn_thread'
Started GET "/users/show/ryooopan" for 127.0.0.1 at 2018-09-23 23:39:55 +0900
Processing by UsersController#show as HTML
  Parameters: {"username"=>"ryooopan"}
  Rendering users/show.html.erb within layouts/application
  Rendered users/show.html.erb within layouts/application (0.3ms)
Completed 200 OK in 72ms (Views: 57.3ms | ActiveRecord: 0.0ms)


Started GET "/users/show/ryooopan" for 127.0.0.1 at 2018-09-23 23:40:50 +0900
Processing by UsersController#show as HTML
  Parameters: {"username"=>"ryooopan"}
  Rendering users/show.html.erb within layouts/application
  Rendered users/show.html.erb within layouts/application (0.5ms)
Completed 200 OK in 28ms (Views: 24.5ms | ActiveRecord: 0.0ms)


Started GET "/users/show/ryooopan" for 127.0.0.1 at 2018-09-23 23:40:57 +0900
Processing by UsersController#show as HTML
  Parameters: {"username"=>"ryooopan"}
  Rendering users/show.html.erb within layouts/application
  Rendered users/show.html.erb within layouts/application (0.5ms)
Completed 200 OK in 24ms (Views: 21.3ms | ActiveRecord: 0.0ms)


Started GET "/users/index" for 127.0.0.1 at 2018-09-23 23:41:02 +0900
Processing by UsersController#index as HTML
  Rendering users/index.html.erb within layouts/application
  Rendered users/index.html.erb within layouts/application (0.5ms)
Completed 200 OK in 25ms (Views: 22.2ms | ActiveRecord: 0.0ms)


Started GET "/users/index" for 127.0.0.1 at 2018-09-23 23:41:09 +0900
Processing by UsersController#index as HTML
  Rendering users/index.html.erb within layouts/application
  Rendered users/index.html.erb within layouts/application (0.7ms)
Completed 200 OK in 25ms (Views: 22.1ms | ActiveRecord: 0.0ms)


Started GET "/users/show/ryooopan" for 127.0.0.1 at 2018-09-24 00:48:29 +0900
Processing by UsersController#show as HTML
  Parameters: {"username"=>"ryooopan"}
  Rendering users/show.html.erb within layouts/application
  Rendered users/show.html.erb within layouts/application (0.4ms)
Completed 200 OK in 101ms (Views: 98.4ms | ActiveRecord: 0.0ms)


Started GET "/users/show/moyahima" for 127.0.0.1 at 2018-09-24 00:48:44 +0900
Processing by UsersController#show as HTML
  Parameters: {"username"=>"moyahima"}
  Rendering users/show.html.erb within layouts/application
  Rendered users/show.html.erb within layouts/application (0.4ms)
Completed 200 OK in 24ms (Views: 21.7ms | ActiveRecord: 0.0ms)


Started GET "/users/show/moyahima" for 127.0.0.1 at 2018-09-24 00:48:47 +0900
Processing by UsersController#show as HTML
  Parameters: {"username"=>"moyahima"}
  Rendering users/show.html.erb within layouts/application
  Rendered users/show.html.erb within layouts/application (0.3ms)
Completed 200 OK in 24ms (Views: 20.9ms | ActiveRecord: 0.0ms)


Started GET "/users/show/moyahima" for 127.0.0.1 at 2018-09-24 00:49:13 +0900
Processing by UsersController#show as HTML
  Parameters: {"username"=>"moyahima"}
  Rendering users/show.html.erb within layouts/application
  Rendered users/show.html.erb within layouts/application (0.6ms)
Completed 200 OK in 28ms (Views: 24.7ms | ActiveRecord: 0.0ms)


Started GET "/users/show/ryooopan" for 127.0.0.1 at 2018-09-24 00:49:20 +0900
Processing by UsersController#show as HTML
  Parameters: {"username"=>"ryooopan"}
  Rendering users/show.html.erb within layouts/application
  Rendered users/show.html.erb within layouts/application (0.8ms)
Completed 200 OK in 23ms (Views: 21.1ms | ActiveRecord: 0.0ms)


  [1m[35m (0.1ms)[0m  [1m[34mSELECT sqlite_version(*)[0m
  ↳ /usr/local/bin/rake:23
  [1m[35m (4.5ms)[0m  [1m[35mCREATE TABLE "schema_migrations" ("version" varchar NOT NULL PRIMARY KEY)[0m
  ↳ /usr/local/bin/rake:23
  [1m[35m (4.8ms)[0m  [1m[35mCREATE TABLE "ar_internal_metadata" ("key" varchar NOT NULL PRIMARY KEY, "value" varchar, "created_at" datetime NOT NULL, "updated_at" datetime NOT NULL)[0m
  ↳ /usr/local/bin/rake:23
  [1m[35m (0.9ms)[0m  [1m[34mSELECT "schema_migrations"."version" FROM "schema_migrations" ORDER BY "schema_migrations"."version" ASC[0m
  ↳ /usr/local/bin/rake:23
Migrating to CreateUsers (20180923171309)
  [1m[35m (0.1ms)[0m  [1m[36mbegin transaction[0m
  ↳ /usr/local/bin/rake:23
  [1m[35m (0.5ms)[0m  [1m[35mCREATE TABLE "users" ("id" integer PRIMARY KEY AUTOINCREMENT NOT NULL, "name" varchar, "username" varchar, "location" varchar, "about" text, "created_at" datetime NOT NULL, "updated_at" datetime NOT NULL)[0m
  ↳ db/migrate/20180923171309_create_users.rb:3
  [1m[36mActiveRecord::SchemaMigration Create (0.3ms)[0m  [1m[32mINSERT INTO "schema_migrations" ("version") VALUES (?)[0m  [["version", "20180923171309"]]
  ↳ /usr/local/bin/rake:23
  [1m[35m (3.7ms)[0m  [1m[36mcommit transaction[0m
  ↳ /usr/local/bin/rake:23
  [1m[36mActiveRecord::InternalMetadata Load (0.3ms)[0m  [1m[34mSELECT  "ar_internal_metadata".* FROM "ar_internal_metadata" WHERE "ar_internal_metadata"."key" = ? LIMIT ?[0m  [["key", "environment"], ["LIMIT", 1]]
  ↳ /usr/local/bin/rake:23
  [1m[35m (0.1ms)[0m  [1m[36mbegin transaction[0m
  ↳ /usr/local/bin/rake:23
  [1m[36mActiveRecord::InternalMetadata Create (0.3ms)[0m  [1m[32mINSERT INTO "ar_internal_metadata" ("key", "value", "created_at", "updated_at") VALUES (?, ?, ?, ?)[0m  [["key", "environment"], ["value", "development"], ["created_at", "2018-09-23 17:14:26.189365"], ["updated_at", "2018-09-23 17:14:26.189365"]]
  ↳ /usr/local/bin/rake:23
  [1m[35m (5.1ms)[0m  [1m[36mcommit transaction[0m
  ↳ /usr/local/bin/rake:23
  [1m[35m (0.2ms)[0m  [1m[34mSELECT "schema_migrations"."version" FROM "schema_migrations" ORDER BY "schema_migrations"."version" ASC[0m
  ↳ /usr/local/bin/rake:23
  [1m[35m (0.2ms)[0m  [1m[34mSELECT "schema_migrations"."version" FROM "schema_migrations" ORDER BY "schema_migrations"."version" ASC[0m
  ↳ /usr/local/bin/rake:23
  [1m[35m (0.1ms)[0m  [1m[36mbegin transaction[0m
  ↳ db/seeds.rb:14
  [1m[36mUser Create (0.5ms)[0m  [1m[32mINSERT INTO "users" ("name", "username", "location", "about", "created_at", "updated_at") VALUES (?, ?, ?, ?, ?, ?)[0m  [["name", "Ryo Suzuki"], ["username", "ryooopan"], ["location", "Kanagawa, Japan"], ["about", "Hello, I am Ryo. I am from database!"], ["created_at", "2018-09-23 17:25:39.241039"], ["updated_at", "2018-09-23 17:25:39.241039"]]
  ↳ db/seeds.rb:14
  [1m[35m (5.1ms)[0m  [1m[36mcommit transaction[0m
  ↳ db/seeds.rb:14
  [1m[35m (0.1ms)[0m  [1m[36mbegin transaction[0m
  ↳ db/seeds.rb:21
  [1m[36mUser Create (0.4ms)[0m  [1m[32mINSERT INTO "users" ("name", "username", "location", "about", "created_at", "updated_at") VALUES (?, ?, ?, ?, ?, ?)[0m  [["name", "Shohei Aoki"], ["username", "moyahima"], ["location", "Tottori, Japan"], ["about", "Nice to meet you. I am from database!"], ["created_at", "2018-09-23 17:25:39.248622"], ["updated_at", "2018-09-23 17:25:39.248622"]]
  ↳ db/seeds.rb:21
  [1m[35m (5.1ms)[0m  [1m[36mcommit transaction[0m
  ↳ db/seeds.rb:21
Started GET "/users/show/ryooopan" for 127.0.0.1 at 2018-09-24 02:25:45 +0900
  [1m[35m (0.1ms)[0m  [1m[34mSELECT "schema_migrations"."version" FROM "schema_migrations" ORDER BY "schema_migrations"."version" ASC[0m
  ↳ /usr/local/lib/ruby/gems/2.5.0/gems/activerecord-5.2.1/lib/active_record/log_subscriber.rb:98
Processing by UsersController#show as HTML
  Parameters: {"username"=>"ryooopan"}
  Rendering users/show.html.erb within layouts/application
  Rendered users/show.html.erb within layouts/application (0.6ms)
Completed 200 OK in 27ms (Views: 24.2ms | ActiveRecord: 0.0ms)


Started GET "/users/index" for 127.0.0.1 at 2018-09-24 02:25:48 +0900
Processing by UsersController#index as HTML
  Rendering users/index.html.erb within layouts/application
  Rendered users/index.html.erb within layouts/application (0.4ms)
Completed 200 OK in 23ms (Views: 21.1ms | ActiveRecord: 0.0ms)


Started GET "/users/show/ryooopan" for 127.0.0.1 at 2018-09-24 02:27:37 +0900
Processing by UsersController#show as HTML
  Parameters: {"username"=>"ryooopan"}
  [1m[36mUser Load (0.2ms)[0m  [1m[34mSELECT  "users".* FROM "users" WHERE "users"."username" = ? LIMIT ?[0m  [["username", "ryooopan"], ["LIMIT", 1]]
  ↳ app/controllers/users_controller.rb:12
  Rendering users/show.html.erb within layouts/application
  Rendered users/show.html.erb within layouts/application (0.6ms)
Completed 200 OK in 39ms (Views: 23.0ms | ActiveRecord: 1.0ms)


Started GET "/users/show/ryooopan" for 127.0.0.1 at 2018-09-24 02:28:14 +0900
  
SyntaxError (/Users/kokiono/mitakalab-twitter/app/controllers/users_controller.rb:16: syntax error, unexpected end-of-input, expecting keyword_end
  end
     ^):
  
app/controllers/users_controller.rb:16: syntax error, unexpected end-of-input, expecting keyword_end
Started GET "/users/show/ryooopan" for 127.0.0.1 at 2018-09-24 02:28:22 +0900
Processing by UsersController#show as HTML
  Parameters: {"username"=>"ryooopan"}
  [1m[36mUser Load (0.2ms)[0m  [1m[34mSELECT  "users".* FROM "users" WHERE "users"."username" = ? LIMIT ?[0m  [["username", "ryooopan"], ["LIMIT", 1]]
  ↳ app/controllers/users_controller.rb:12
  Rendering users/show.html.erb within layouts/application
  Rendered users/show.html.erb within layouts/application (0.7ms)
Completed 200 OK in 36ms (Views: 21.5ms | ActiveRecord: 1.1ms)


Started GET "/users/show/ryooopan" for 127.0.0.1 at 2018-09-24 16:12:56 +0900
Processing by UsersController#show as HTML
  Parameters: {"username"=>"ryooopan"}
  [1m[36mUser Load (0.4ms)[0m  [1m[34mSELECT  "users".* FROM "users" WHERE "users"."username" = ? LIMIT ?[0m  [["username", "ryooopan"], ["LIMIT", 1]]
  ↳ app/controllers/users_controller.rb:12
  Rendering users/show.html.erb within layouts/application
  Rendered users/show.html.erb within layouts/application (0.7ms)
Completed 200 OK in 523ms (Views: 516.9ms | ActiveRecord: 0.4ms)


Started GET "/users/show/ryooopan" for 127.0.0.1 at 2018-09-24 19:30:14 +0900
Processing by UsersController#show as HTML
  Parameters: {"username"=>"ryooopan"}
  [1m[36mUser Load (0.3ms)[0m  [1m[34mSELECT  "users".* FROM "users" WHERE "users"."username" = ? LIMIT ?[0m  [["username", "ryooopan"], ["LIMIT", 1]]
  ↳ app/controllers/users_controller.rb:12
  Rendering users/show.html.erb within layouts/application
  Rendered users/show.html.erb within layouts/application (0.7ms)
Completed 200 OK in 48ms (Views: 41.6ms | ActiveRecord: 0.3ms)


Started GET "/users/show/ryooopan" for 127.0.0.1 at 2018-09-25 00:11:27 +0900
Processing by UsersController#show as HTML
  Parameters: {"username"=>"ryooopan"}
  [1m[36mUser Load (0.3ms)[0m  [1m[34mSELECT  "users".* FROM "users" WHERE "users"."username" = ? LIMIT ?[0m  [["username", "ryooopan"], ["LIMIT", 1]]
  ↳ app/controllers/users_controller.rb:12
  Rendering users/show.html.erb within layouts/application
  Rendered users/show.html.erb within layouts/application (0.8ms)
Completed 200 OK in 81ms (Views: 74.4ms | ActiveRecord: 0.3ms)


Started GET "/users/index" for 127.0.0.1 at 2018-09-25 00:11:30 +0900
Processing by UsersController#index as HTML
  Rendering users/index.html.erb within layouts/application
  Rendered users/index.html.erb within layouts/application (0.6ms)
Completed 200 OK in 48ms (Views: 43.0ms | ActiveRecord: 0.0ms)


